<?xml version="1.0" encoding="UTF-8"?>
<testsuite name="org.softuni.mobilele.web.UserRegistrationControllerTestIT" tests="1" skipped="0" failures="0" errors="0" timestamp="2023-11-11T18:36:55" hostname="mint" time="5.206">
  <properties/>
  <testcase name="testRegistration()" classname="org.softuni.mobilele.web.UserRegistrationControllerTestIT" time="5.206"/>
  <system-out><![CDATA[2023-11-11T20:36:55.094+02:00  INFO 55132 --- [    Test worker] t.c.s.AnnotationConfigContextLoaderUtils : Could not detect default configuration classes for test class [org.softuni.mobilele.web.UserRegistrationControllerTestIT]: UserRegistrationControllerTestIT does not declare any static, non-private, non-final, nested classes annotated with @Configuration.
2023-11-11T20:36:55.098+02:00  INFO 55132 --- [    Test worker] .b.t.c.SpringBootTestContextBootstrapper : Found @SpringBootConfiguration org.softuni.mobilele.MobileleApplication for test class org.softuni.mobilele.web.UserRegistrationControllerTestIT
2023-11-11T20:36:55.292+02:00 DEBUG 55132 --- [    Test worker] org.hibernate.SQL                        : insert into users (active,email,first_name,last_name,password,id) values (?,?,?,?,?,default)
2023-11-11T20:36:55.292+02:00 TRACE 55132 --- [    Test worker] org.hibernate.orm.jdbc.bind              : binding parameter [1] as [BOOLEAN] - [true]
2023-11-11T20:36:55.292+02:00 TRACE 55132 --- [    Test worker] org.hibernate.orm.jdbc.bind              : binding parameter [2] as [VARCHAR] - [pesho@softuni.bg]
2023-11-11T20:36:55.292+02:00 TRACE 55132 --- [    Test worker] org.hibernate.orm.jdbc.bind              : binding parameter [3] as [VARCHAR] - [Pesho]
2023-11-11T20:36:55.292+02:00 TRACE 55132 --- [    Test worker] org.hibernate.orm.jdbc.bind              : binding parameter [4] as [VARCHAR] - [Petrov]
2023-11-11T20:36:55.293+02:00 TRACE 55132 --- [    Test worker] org.hibernate.orm.jdbc.bind              : binding parameter [5] as [VARCHAR] - [6fe3b0817a3bd359c94c4ecfa456db821f6797a3c36be001a450263cc7b0125647bd80a163234371730f739fd55b58f5]
]]></system-out>
  <system-err><![CDATA[]]></system-err>
</testsuite>
