<?xml version="1.0" encoding="UTF-8"?>
<testsuite name="org.softuni.mobilele.web.CurrencyRestControllerTestIT" tests="1" skipped="0" failures="0" errors="0" timestamp="2023-11-11T18:36:54" hostname="mint" time="0.196">
  <properties/>
  <testcase name="testConvert()" classname="org.softuni.mobilele.web.CurrencyRestControllerTestIT" time="0.196"/>
  <system-out><![CDATA[2023-11-11T20:36:53.746+02:00  INFO 55132 --- [    Test worker] t.c.s.AnnotationConfigContextLoaderUtils : Could not detect default configuration classes for test class [org.softuni.mobilele.web.CurrencyRestControllerTestIT]: CurrencyRestControllerTestIT does not declare any static, non-private, non-final, nested classes annotated with @Configuration.
2023-11-11T20:36:53.782+02:00  INFO 55132 --- [    Test worker] .b.t.c.SpringBootTestContextBootstrapper : Found @SpringBootConfiguration org.softuni.mobilele.MobileleApplication for test class org.softuni.mobilele.web.CurrencyRestControllerTestIT

  .   ____          _            __ _ _
 /\\ / ___'_ __ _ _(_)_ __  __ _ \ \ \ \
( ( )\___ | '_ | '_| | '_ \/ _` | \ \ \ \
 \\/  ___)| |_)| | | | | || (_| |  ) ) ) )
  '  |____| .__|_| |_|_| |_\__, | / / / /
 =========|_|==============|___/=/_/_/_/
 :: Spring Boot ::                (v3.1.3)

2023-11-11T20:36:53.819+02:00  INFO 55132 --- [    Test worker] o.s.m.web.CurrencyRestControllerTestIT   : Starting CurrencyRestControllerTestIT using Java 17.0.9 with PID 55132 (started by niki in /home/niki/IdeaProjects/mobilele)
2023-11-11T20:36:53.819+02:00  INFO 55132 --- [    Test worker] o.s.m.web.CurrencyRestControllerTestIT   : No active profile set, falling back to 1 default profile: "default"
2023-11-11T20:36:54.033+02:00  INFO 55132 --- [    Test worker] .s.d.r.c.RepositoryConfigurationDelegate : Bootstrapping Spring Data JPA repositories in DEFAULT mode.
2023-11-11T20:36:54.048+02:00  INFO 55132 --- [    Test worker] .s.d.r.c.RepositoryConfigurationDelegate : Finished Spring Data repository scanning in 14 ms. Found 6 JPA repository interfaces.
2023-11-11T20:36:54.206+02:00  INFO 55132 --- [    Test worker] o.hibernate.jpa.internal.util.LogHelper  : HHH000204: Processing PersistenceUnitInfo [name: default]
2023-11-11T20:36:54.213+02:00  INFO 55132 --- [    Test worker] o.h.b.i.BytecodeProviderInitiator        : HHH000021: Bytecode provider name : bytebuddy
2023-11-11T20:36:54.214+02:00  INFO 55132 --- [    Test worker] o.s.o.j.p.SpringPersistenceUnitInfo      : No LoadTimeWeaver setup: ignoring JPA class transformer
2023-11-11T20:36:54.215+02:00  INFO 55132 --- [    Test worker] com.zaxxer.hikari.HikariDataSource       : HikariPool-2 - Starting...
2023-11-11T20:36:54.253+02:00  INFO 55132 --- [    Test worker] com.zaxxer.hikari.pool.PoolBase          : HikariPool-2 - Driver does not support get/set network timeout for connections. (feature not supported)
2023-11-11T20:36:54.254+02:00  INFO 55132 --- [    Test worker] com.zaxxer.hikari.pool.HikariPool        : HikariPool-2 - Added connection org.hsqldb.jdbc.JDBCConnection@337fac72
2023-11-11T20:36:54.254+02:00  INFO 55132 --- [    Test worker] com.zaxxer.hikari.HikariDataSource       : HikariPool-2 - Start completed.
2023-11-11T20:36:54.289+02:00  INFO 55132 --- [    Test worker] o.h.b.i.BytecodeProviderInitiator        : HHH000021: Bytecode provider name : bytebuddy
2023-11-11T20:36:54.398+02:00  INFO 55132 --- [    Test worker] o.h.e.t.j.p.i.JtaPlatformInitiator       : HHH000490: Using JtaPlatform implementation: [org.hibernate.engine.transaction.jta.platform.internal.NoJtaPlatform]
2023-11-11T20:36:54.399+02:00 DEBUG 55132 --- [    Test worker] org.hibernate.SQL                        : drop table if exists brands cascade 
2023-11-11T20:36:54.399+02:00 DEBUG 55132 --- [    Test worker] org.hibernate.SQL                        : drop table if exists exchange_rates cascade 
2023-11-11T20:36:54.399+02:00 DEBUG 55132 --- [    Test worker] org.hibernate.SQL                        : drop table if exists models cascade 
2023-11-11T20:36:54.399+02:00 DEBUG 55132 --- [    Test worker] org.hibernate.SQL                        : drop table if exists offers cascade 
2023-11-11T20:36:54.399+02:00 DEBUG 55132 --- [    Test worker] org.hibernate.SQL                        : drop table if exists roles cascade 
2023-11-11T20:36:54.399+02:00 DEBUG 55132 --- [    Test worker] org.hibernate.SQL                        : drop table if exists user_activation_codes cascade 
2023-11-11T20:36:54.400+02:00 DEBUG 55132 --- [    Test worker] org.hibernate.SQL                        : drop table if exists users cascade 
2023-11-11T20:36:54.400+02:00 DEBUG 55132 --- [    Test worker] org.hibernate.SQL                        : drop table if exists users_roles cascade 
2023-11-11T20:36:54.401+02:00 DEBUG 55132 --- [    Test worker] org.hibernate.SQL                        : create table brands (id bigint generated by default as identity (start with 1), name varchar(255) not null unique, primary key (id))
2023-11-11T20:36:54.405+02:00 DEBUG 55132 --- [    Test worker] org.hibernate.SQL                        : create table exchange_rates (rate numeric(38,2) not null, currency varchar(255) not null, primary key (currency))
2023-11-11T20:36:54.406+02:00 DEBUG 55132 --- [    Test worker] org.hibernate.SQL                        : create table models (brand_id bigint, id bigint generated by default as identity (start with 1), category varchar(255) check (category in ('CAR','TRUCK','MOTORCYCLE')), name varchar(255), primary key (id))
2023-11-11T20:36:54.407+02:00 DEBUG 55132 --- [    Test worker] org.hibernate.SQL                        : create table offers (mileage integer, price numeric(38,2) not null, year integer check (year>=1950), id bigint generated by default as identity (start with 1), model_id bigint not null, uuid varchar(36) not null, description varchar(255), engine varchar(255) check (engine in ('PETROL','DIESEL','ELECTRIC')), image_url varchar(255), transmission varchar(255) check (transmission in ('MANUAL','AUTOMATIC')), primary key (id))
2023-11-11T20:36:54.408+02:00 DEBUG 55132 --- [    Test worker] org.hibernate.SQL                        : create table roles (id bigint generated by default as identity (start with 1), role varchar(255) check (role in ('ADMIN','USER')), primary key (id))
2023-11-11T20:36:54.410+02:00 DEBUG 55132 --- [    Test worker] org.hibernate.SQL                        : create table user_activation_codes (created timestamp(6), id bigint generated by default as identity (start with 1), user_id bigint, activation_code varchar(255), primary key (id))
2023-11-11T20:36:54.411+02:00 DEBUG 55132 --- [    Test worker] org.hibernate.SQL                        : create table users (active boolean, id bigint generated by default as identity (start with 1), email varchar(255) unique, first_name varchar(255), last_name varchar(255), password varchar(255), primary key (id))
2023-11-11T20:36:54.411+02:00 DEBUG 55132 --- [    Test worker] org.hibernate.SQL                        : create table users_roles (role_id bigint not null, user_id bigint not null)
2023-11-11T20:36:54.412+02:00 DEBUG 55132 --- [    Test worker] org.hibernate.SQL                        : alter table models add constraint FK95s72g5hnsl3o0bqeuhnokdxu foreign key (brand_id) references brands
2023-11-11T20:36:54.412+02:00 DEBUG 55132 --- [    Test worker] org.hibernate.SQL                        : alter table offers add constraint FK3dbbkoli06hqmi3e8qidufetr foreign key (model_id) references models
2023-11-11T20:36:54.413+02:00 DEBUG 55132 --- [    Test worker] org.hibernate.SQL                        : alter table user_activation_codes add constraint FKfbg5il4hu0btsov78l7p2jxpy foreign key (user_id) references users
2023-11-11T20:36:54.414+02:00 DEBUG 55132 --- [    Test worker] org.hibernate.SQL                        : alter table users_roles add constraint FKj6m8fwv7oqv74fcehir1a9ffy foreign key (role_id) references roles
2023-11-11T20:36:54.415+02:00 DEBUG 55132 --- [    Test worker] org.hibernate.SQL                        : alter table users_roles add constraint FK2o0jvgh89lemvvo17cbqvdxaa foreign key (user_id) references users
2023-11-11T20:36:54.416+02:00  INFO 55132 --- [    Test worker] j.LocalContainerEntityManagerFactoryBean : Initialized JPA EntityManagerFactory for persistence unit 'default'
2023-11-11T20:36:54.678+02:00  WARN 55132 --- [    Test worker] JpaBaseConfiguration$JpaWebConfiguration : spring.jpa.open-in-view is enabled by default. Therefore, database queries may be performed during view rendering. Explicitly configure spring.jpa.open-in-view to disable this warning
2023-11-11T20:36:54.711+02:00  INFO 55132 --- [    Test worker] o.s.s.web.DefaultSecurityFilterChain     : Will secure any request with [org.springframework.security.web.session.DisableEncodeUrlFilter@76300346, org.springframework.security.web.context.request.async.WebAsyncManagerIntegrationFilter@153f6a67, org.springframework.security.web.context.SecurityContextHolderFilter@5f19da2c, org.springframework.security.web.header.HeaderWriterFilter@129204bf, org.springframework.security.web.csrf.CsrfFilter@5e1fc897, org.springframework.security.web.authentication.logout.LogoutFilter@618cfd1, org.springframework.security.web.authentication.UsernamePasswordAuthenticationFilter@46110b82, org.springframework.security.web.savedrequest.RequestCacheAwareFilter@7f62fa28, org.springframework.security.web.servletapi.SecurityContextHolderAwareRequestFilter@15f4f652, org.springframework.security.web.authentication.rememberme.RememberMeAuthenticationFilter@6b732d6, org.springframework.security.web.authentication.AnonymousAuthenticationFilter@5b3c2e59, org.springframework.security.web.access.ExceptionTranslationFilter@73c337e9, org.springframework.security.web.access.intercept.AuthorizationFilter@5cb7eb6c]
2023-11-11T20:36:54.779+02:00  INFO 55132 --- [    Test worker] o.s.b.a.w.s.WelcomePageHandlerMapping    : Adding welcome page template: index
2023-11-11T20:36:54.875+02:00  INFO 55132 --- [    Test worker] o.s.b.t.m.w.SpringBootMockServletContext : Initializing Spring TestDispatcherServlet ''
2023-11-11T20:36:54.875+02:00  INFO 55132 --- [    Test worker] o.s.t.web.servlet.TestDispatcherServlet  : Initializing Servlet ''
2023-11-11T20:36:54.877+02:00  INFO 55132 --- [    Test worker] o.s.t.web.servlet.TestDispatcherServlet  : Completed initialization in 2 ms
2023-11-11T20:36:54.888+02:00  INFO 55132 --- [    Test worker] o.s.m.web.CurrencyRestControllerTestIT   : Started CurrencyRestControllerTestIT in 1.101 seconds (process running for 5.183)
2023-11-11T20:36:54.901+02:00 DEBUG 55132 --- [    Test worker] org.hibernate.SQL                        : select e1_0.currency,e1_0.rate from exchange_rates e1_0 where e1_0.currency=?
2023-11-11T20:36:54.902+02:00 TRACE 55132 --- [    Test worker] org.hibernate.orm.jdbc.bind              : binding parameter [1] as [VARCHAR] - [EUR]
2023-11-11T20:36:54.904+02:00 DEBUG 55132 --- [    Test worker] org.hibernate.SQL                        : insert into exchange_rates (rate,currency) values (?,?)
2023-11-11T20:36:54.905+02:00 TRACE 55132 --- [    Test worker] org.hibernate.orm.jdbc.bind              : binding parameter [1] as [NUMERIC] - [0.54]
2023-11-11T20:36:54.905+02:00 TRACE 55132 --- [    Test worker] org.hibernate.orm.jdbc.bind              : binding parameter [2] as [VARCHAR] - [EUR]
2023-11-11T20:36:55.001+02:00 DEBUG 55132 --- [    Test worker] org.hibernate.SQL                        : select e1_0.currency,e1_0.rate from exchange_rates e1_0 where e1_0.currency=?
2023-11-11T20:36:55.001+02:00 TRACE 55132 --- [    Test worker] org.hibernate.orm.jdbc.bind              : binding parameter [1] as [VARCHAR] - [EUR]
]]></system-out>
  <system-err><![CDATA[]]></system-err>
</testsuite>
