<?xml version="1.0" encoding="UTF-8"?>
<testsuite name="org.softuni.mobilele.impl.MobileleUserDetailsServiceTest" tests="2" skipped="0" failures="0" errors="0" timestamp="2023-11-21T13:45:19" hostname="mint" time="0.237">
  <properties/>
  <testcase name="testUserFoundException()" classname="org.softuni.mobilele.impl.MobileleUserDetailsServiceTest" time="0.227"/>
  <testcase name="testUserNotFound()" classname="org.softuni.mobilele.impl.MobileleUserDetailsServiceTest" time="0.006"/>
  <system-out><![CDATA[]]></system-out>
  <system-err><![CDATA[]]></system-err>
</testsuite>
