<?xml version="1.0" encoding="UTF-8"?>
<testsuite name="org.softuni.mobilele.MobileleApplicationTests" tests="1" skipped="0" failures="0" errors="0" timestamp="2023-11-11T18:36:52" hostname="mint" time="0.307">
  <properties/>
  <testcase name="contextLoads()" classname="org.softuni.mobilele.MobileleApplicationTests" time="0.307"/>
  <system-out><![CDATA[20:36:50.096 [Test worker] INFO org.springframework.test.context.support.AnnotationConfigContextLoaderUtils -- Could not detect default configuration classes for test class [org.softuni.mobilele.MobileleApplicationTests]: MobileleApplicationTests does not declare any static, non-private, non-final, nested classes annotated with @Configuration.
20:36:50.150 [Test worker] INFO org.springframework.boot.test.context.SpringBootTestContextBootstrapper -- Found @SpringBootConfiguration org.softuni.mobilele.MobileleApplication for test class org.softuni.mobilele.MobileleApplicationTests

  .   ____          _            __ _ _
 /\\ / ___'_ __ _ _(_)_ __  __ _ \ \ \ \
( ( )\___ | '_ | '_| | '_ \/ _` | \ \ \ \
 \\/  ___)| |_)| | | | | || (_| |  ) ) ) )
  '  |____| .__|_| |_|_| |_\__, | / / / /
 =========|_|==============|___/=/_/_/_/
 :: Spring Boot ::                (v3.1.3)

2023-11-11T20:36:50.347+02:00  INFO 55132 --- [    Test worker] o.s.mobilele.MobileleApplicationTests    : Starting MobileleApplicationTests using Java 17.0.9 with PID 55132 (started by niki in /home/niki/IdeaProjects/mobilele)
2023-11-11T20:36:50.347+02:00  INFO 55132 --- [    Test worker] o.s.mobilele.MobileleApplicationTests    : No active profile set, falling back to 1 default profile: "default"
2023-11-11T20:36:50.710+02:00  INFO 55132 --- [    Test worker] .s.d.r.c.RepositoryConfigurationDelegate : Bootstrapping Spring Data JPA repositories in DEFAULT mode.
2023-11-11T20:36:50.747+02:00  INFO 55132 --- [    Test worker] .s.d.r.c.RepositoryConfigurationDelegate : Finished Spring Data repository scanning in 32 ms. Found 6 JPA repository interfaces.
2023-11-11T20:36:51.016+02:00  INFO 55132 --- [    Test worker] o.hibernate.jpa.internal.util.LogHelper  : HHH000204: Processing PersistenceUnitInfo [name: default]
2023-11-11T20:36:51.041+02:00  INFO 55132 --- [    Test worker] org.hibernate.Version                    : HHH000412: Hibernate ORM core version 6.2.7.Final
2023-11-11T20:36:51.043+02:00  INFO 55132 --- [    Test worker] org.hibernate.cfg.Environment            : HHH000406: Using bytecode reflection optimizer
2023-11-11T20:36:51.122+02:00  INFO 55132 --- [    Test worker] o.h.b.i.BytecodeProviderInitiator        : HHH000021: Bytecode provider name : bytebuddy
2023-11-11T20:36:51.187+02:00  INFO 55132 --- [    Test worker] o.s.o.j.p.SpringPersistenceUnitInfo      : No LoadTimeWeaver setup: ignoring JPA class transformer
2023-11-11T20:36:51.195+02:00  INFO 55132 --- [    Test worker] com.zaxxer.hikari.HikariDataSource       : HikariPool-1 - Starting...
2023-11-11T20:36:51.323+02:00  INFO 55132 --- [    Test worker] com.zaxxer.hikari.pool.PoolBase          : HikariPool-1 - Driver does not support get/set network timeout for connections. (feature not supported)
2023-11-11T20:36:51.324+02:00  INFO 55132 --- [    Test worker] com.zaxxer.hikari.pool.HikariPool        : HikariPool-1 - Added connection org.hsqldb.jdbc.JDBCConnection@3eb9c575
2023-11-11T20:36:51.326+02:00  INFO 55132 --- [    Test worker] com.zaxxer.hikari.HikariDataSource       : HikariPool-1 - Start completed.
2023-11-11T20:36:51.462+02:00  INFO 55132 --- [    Test worker] o.h.b.i.BytecodeProviderInitiator        : HHH000021: Bytecode provider name : bytebuddy
2023-11-11T20:36:51.806+02:00  INFO 55132 --- [    Test worker] o.h.e.t.j.p.i.JtaPlatformInitiator       : HHH000490: Using JtaPlatform implementation: [org.hibernate.engine.transaction.jta.platform.internal.NoJtaPlatform]
2023-11-11T20:36:51.813+02:00 DEBUG 55132 --- [    Test worker] org.hibernate.SQL                        : drop table if exists brands cascade 
2023-11-11T20:36:51.814+02:00 DEBUG 55132 --- [    Test worker] org.hibernate.SQL                        : drop table if exists exchange_rates cascade 
2023-11-11T20:36:51.814+02:00 DEBUG 55132 --- [    Test worker] org.hibernate.SQL                        : drop table if exists models cascade 
2023-11-11T20:36:51.814+02:00 DEBUG 55132 --- [    Test worker] org.hibernate.SQL                        : drop table if exists offers cascade 
2023-11-11T20:36:51.815+02:00 DEBUG 55132 --- [    Test worker] org.hibernate.SQL                        : drop table if exists roles cascade 
2023-11-11T20:36:51.815+02:00 DEBUG 55132 --- [    Test worker] org.hibernate.SQL                        : drop table if exists user_activation_codes cascade 
2023-11-11T20:36:51.815+02:00 DEBUG 55132 --- [    Test worker] org.hibernate.SQL                        : drop table if exists users cascade 
2023-11-11T20:36:51.815+02:00 DEBUG 55132 --- [    Test worker] org.hibernate.SQL                        : drop table if exists users_roles cascade 
2023-11-11T20:36:51.818+02:00 DEBUG 55132 --- [    Test worker] org.hibernate.SQL                        : create table brands (id bigint generated by default as identity (start with 1), name varchar(255) not null unique, primary key (id))
2023-11-11T20:36:51.819+02:00 DEBUG 55132 --- [    Test worker] org.hibernate.SQL                        : create table exchange_rates (rate numeric(38,2) not null, currency varchar(255) not null, primary key (currency))
2023-11-11T20:36:51.819+02:00 DEBUG 55132 --- [    Test worker] org.hibernate.SQL                        : create table models (brand_id bigint, id bigint generated by default as identity (start with 1), category varchar(255) check (category in ('CAR','TRUCK','MOTORCYCLE')), name varchar(255), primary key (id))
2023-11-11T20:36:51.820+02:00 DEBUG 55132 --- [    Test worker] org.hibernate.SQL                        : create table offers (mileage integer, price numeric(38,2) not null, year integer check (year>=1950), id bigint generated by default as identity (start with 1), model_id bigint not null, uuid varchar(36) not null, description varchar(255), engine varchar(255) check (engine in ('PETROL','DIESEL','ELECTRIC')), image_url varchar(255), transmission varchar(255) check (transmission in ('MANUAL','AUTOMATIC')), primary key (id))
2023-11-11T20:36:51.821+02:00 DEBUG 55132 --- [    Test worker] org.hibernate.SQL                        : create table roles (id bigint generated by default as identity (start with 1), role varchar(255) check (role in ('ADMIN','USER')), primary key (id))
2023-11-11T20:36:51.821+02:00 DEBUG 55132 --- [    Test worker] org.hibernate.SQL                        : create table user_activation_codes (created timestamp(6), id bigint generated by default as identity (start with 1), user_id bigint, activation_code varchar(255), primary key (id))
2023-11-11T20:36:51.822+02:00 DEBUG 55132 --- [    Test worker] org.hibernate.SQL                        : create table users (active boolean, id bigint generated by default as identity (start with 1), email varchar(255) unique, first_name varchar(255), last_name varchar(255), password varchar(255), primary key (id))
2023-11-11T20:36:51.822+02:00 DEBUG 55132 --- [    Test worker] org.hibernate.SQL                        : create table users_roles (role_id bigint not null, user_id bigint not null)
2023-11-11T20:36:51.822+02:00 DEBUG 55132 --- [    Test worker] org.hibernate.SQL                        : alter table models add constraint FK95s72g5hnsl3o0bqeuhnokdxu foreign key (brand_id) references brands
2023-11-11T20:36:51.823+02:00 DEBUG 55132 --- [    Test worker] org.hibernate.SQL                        : alter table offers add constraint FK3dbbkoli06hqmi3e8qidufetr foreign key (model_id) references models
2023-11-11T20:36:51.824+02:00 DEBUG 55132 --- [    Test worker] org.hibernate.SQL                        : alter table user_activation_codes add constraint FKfbg5il4hu0btsov78l7p2jxpy foreign key (user_id) references users
2023-11-11T20:36:51.824+02:00 DEBUG 55132 --- [    Test worker] org.hibernate.SQL                        : alter table users_roles add constraint FKj6m8fwv7oqv74fcehir1a9ffy foreign key (role_id) references roles
2023-11-11T20:36:51.824+02:00 DEBUG 55132 --- [    Test worker] org.hibernate.SQL                        : alter table users_roles add constraint FK2o0jvgh89lemvvo17cbqvdxaa foreign key (user_id) references users
2023-11-11T20:36:51.826+02:00  INFO 55132 --- [    Test worker] j.LocalContainerEntityManagerFactoryBean : Initialized JPA EntityManagerFactory for persistence unit 'default'
2023-11-11T20:36:52.170+02:00  INFO 55132 --- [    Test worker] o.s.d.j.r.query.QueryEnhancerFactory     : Hibernate is in classpath; If applicable, HQL parser will be used.
2023-11-11T20:36:52.442+02:00  WARN 55132 --- [    Test worker] JpaBaseConfiguration$JpaWebConfiguration : spring.jpa.open-in-view is enabled by default. Therefore, database queries may be performed during view rendering. Explicitly configure spring.jpa.open-in-view to disable this warning
2023-11-11T20:36:52.536+02:00  INFO 55132 --- [    Test worker] o.s.s.web.DefaultSecurityFilterChain     : Will secure any request with [org.springframework.security.web.session.DisableEncodeUrlFilter@477dc93, org.springframework.security.web.context.request.async.WebAsyncManagerIntegrationFilter@781ecbac, org.springframework.security.web.context.SecurityContextHolderFilter@5e8f0c54, org.springframework.security.web.header.HeaderWriterFilter@118cbb26, org.springframework.security.web.csrf.CsrfFilter@1391d95f, org.springframework.security.web.authentication.logout.LogoutFilter@6be865c1, org.springframework.security.web.authentication.UsernamePasswordAuthenticationFilter@61bfd7da, org.springframework.security.web.savedrequest.RequestCacheAwareFilter@155cf9f6, org.springframework.security.web.servletapi.SecurityContextHolderAwareRequestFilter@36a59d8, org.springframework.security.web.authentication.rememberme.RememberMeAuthenticationFilter@58c48a23, org.springframework.security.web.authentication.AnonymousAuthenticationFilter@5cb654e3, org.springframework.security.web.access.ExceptionTranslationFilter@448c4742, org.springframework.security.web.access.intercept.AuthorizationFilter@75f579d2]
2023-11-11T20:36:52.738+02:00  INFO 55132 --- [    Test worker] o.s.b.a.w.s.WelcomePageHandlerMapping    : Adding welcome page template: index
2023-11-11T20:36:52.947+02:00  INFO 55132 --- [    Test worker] o.s.mobilele.MobileleApplicationTests    : Started MobileleApplicationTests in 2.731 seconds (process running for 3.241)
]]></system-out>
  <system-err><![CDATA[]]></system-err>
</testsuite>
