<?xml version="1.0" encoding="UTF-8"?>
<testsuite name="org.softuni.mobilele.web.OfferControllerTestIT" tests="4" skipped="0" failures="0" errors="0" timestamp="2023-11-21T13:45:21" hostname="mint" time="0.385">
  <properties/>
  <testcase name="testAnonymousDeletionFails()" classname="org.softuni.mobilele.web.OfferControllerTestIT" time="0.122"/>
  <testcase name="testNonAdminUserOwnedOffer()" classname="org.softuni.mobilele.web.OfferControllerTestIT" time="0.113"/>
  <testcase name="testNonAdminUserNotOwnedOffer()" classname="org.softuni.mobilele.web.OfferControllerTestIT" time="0.078"/>
  <testcase name="testAdminUserNotOwnedOffer()" classname="org.softuni.mobilele.web.OfferControllerTestIT" time="0.07"/>
  <system-out><![CDATA[2023-11-21T15:45:21.410+02:00  INFO 39359 --- [    Test worker] t.c.s.AnnotationConfigContextLoaderUtils : Could not detect default configuration classes for test class [org.softuni.mobilele.web.OfferControllerTestIT]: OfferControllerTestIT does not declare any static, non-private, non-final, nested classes annotated with @Configuration.
2023-11-21T15:45:21.413+02:00  INFO 39359 --- [    Test worker] .b.t.c.SpringBootTestContextBootstrapper : Found @SpringBootConfiguration org.softuni.mobilele.MobileleApplication for test class org.softuni.mobilele.web.OfferControllerTestIT
2023-11-21T15:45:21.419+02:00 DEBUG 39359 --- [    Test worker] org.hibernate.SQL                        : select e1_0.currency,e1_0.rate from exchange_rates e1_0
2023-11-21T15:45:21.423+02:00 DEBUG 39359 --- [    Test worker] org.hibernate.SQL                        : delete from exchange_rates where currency=?
2023-11-21T15:45:21.424+02:00 TRACE 39359 --- [    Test worker] org.hibernate.orm.jdbc.bind              : binding parameter [1] as [VARCHAR] - [EUR]
2023-11-21T15:45:21.432+02:00 DEBUG 39359 --- [    Test worker] org.hibernate.SQL                        : select o1_0.id,o1_0.description,o1_0.engine,o1_0.image_url,o1_0.mileage,o1_0.model_id,o1_0.price,o1_0.seller_id,o1_0.transmission,o1_0.uuid,o1_0.year from offers o1_0
2023-11-21T15:45:21.438+02:00 DEBUG 39359 --- [    Test worker] org.hibernate.SQL                        : select b1_0.id,b1_0.name from brands b1_0
2023-11-21T15:45:21.441+02:00 DEBUG 39359 --- [    Test worker] org.hibernate.SQL                        : select u1_0.id,u1_0.active,u1_0.email,u1_0.first_name,u1_0.last_name,u1_0.password from users u1_0
2023-11-21T15:45:21.446+02:00 DEBUG 39359 --- [    Test worker] org.hibernate.SQL                        : select u1_0.id,u1_0.role from roles u1_0 where u1_0.role in (?)
2023-11-21T15:45:21.447+02:00 TRACE 39359 --- [    Test worker] org.hibernate.orm.jdbc.bind              : binding parameter [1] as [VARCHAR] - [USER]
2023-11-21T15:45:21.456+02:00 DEBUG 39359 --- [    Test worker] org.hibernate.SQL                        : insert into users (active,email,first_name,last_name,password,id) values (?,?,?,?,?,default)
2023-11-21T15:45:21.456+02:00 TRACE 39359 --- [    Test worker] org.hibernate.orm.jdbc.bind              : binding parameter [1] as [BOOLEAN] - [true]
2023-11-21T15:45:21.457+02:00 TRACE 39359 --- [    Test worker] org.hibernate.orm.jdbc.bind              : binding parameter [2] as [VARCHAR] - [test@example.com]
2023-11-21T15:45:21.457+02:00 TRACE 39359 --- [    Test worker] org.hibernate.orm.jdbc.bind              : binding parameter [3] as [VARCHAR] - [Test user first]
2023-11-21T15:45:21.457+02:00 TRACE 39359 --- [    Test worker] org.hibernate.orm.jdbc.bind              : binding parameter [4] as [VARCHAR] - [Test user last]
2023-11-21T15:45:21.457+02:00 TRACE 39359 --- [    Test worker] org.hibernate.orm.jdbc.bind              : binding parameter [5] as [VARCHAR] - [null]
2023-11-21T15:45:21.464+02:00 DEBUG 39359 --- [    Test worker] org.hibernate.SQL                        : insert into users_roles (user_id,role_id) values (?,?)
2023-11-21T15:45:21.464+02:00 TRACE 39359 --- [    Test worker] org.hibernate.orm.jdbc.bind              : binding parameter [1] as [BIGINT] - [1]
2023-11-21T15:45:21.464+02:00 TRACE 39359 --- [    Test worker] org.hibernate.orm.jdbc.bind              : binding parameter [2] as [BIGINT] - [1]
2023-11-21T15:45:21.470+02:00 DEBUG 39359 --- [    Test worker] org.hibernate.SQL                        : insert into brands (name,id) values (?,default)
2023-11-21T15:45:21.470+02:00 TRACE 39359 --- [    Test worker] org.hibernate.orm.jdbc.bind              : binding parameter [1] as [VARCHAR] - [Test Brand]
2023-11-21T15:45:21.472+02:00 DEBUG 39359 --- [    Test worker] org.hibernate.SQL                        : insert into models (brand_id,category,name,id) values (?,?,?,default)
2023-11-21T15:45:21.473+02:00 TRACE 39359 --- [    Test worker] org.hibernate.orm.jdbc.bind              : binding parameter [1] as [BIGINT] - [null]
2023-11-21T15:45:21.473+02:00 TRACE 39359 --- [    Test worker] org.hibernate.orm.jdbc.bind              : binding parameter [2] as [VARCHAR] - [null]
2023-11-21T15:45:21.473+02:00 TRACE 39359 --- [    Test worker] org.hibernate.orm.jdbc.bind              : binding parameter [3] as [VARCHAR] - [Test Model]
2023-11-21T15:45:21.474+02:00 DEBUG 39359 --- [    Test worker] org.hibernate.SQL                        : insert into models (brand_id,category,name,id) values (?,?,?,default)
2023-11-21T15:45:21.474+02:00 TRACE 39359 --- [    Test worker] org.hibernate.orm.jdbc.bind              : binding parameter [1] as [BIGINT] - [null]
2023-11-21T15:45:21.474+02:00 TRACE 39359 --- [    Test worker] org.hibernate.orm.jdbc.bind              : binding parameter [2] as [VARCHAR] - [null]
2023-11-21T15:45:21.474+02:00 TRACE 39359 --- [    Test worker] org.hibernate.orm.jdbc.bind              : binding parameter [3] as [VARCHAR] - [Test Model1]
2023-11-21T15:45:21.480+02:00 DEBUG 39359 --- [    Test worker] org.hibernate.SQL                        : insert into offers (description,engine,image_url,mileage,model_id,price,seller_id,transmission,uuid,year,id) values (?,?,?,?,?,?,?,?,?,?,default)
2023-11-21T15:45:21.481+02:00 TRACE 39359 --- [    Test worker] org.hibernate.orm.jdbc.bind              : binding parameter [1] as [VARCHAR] - [Test Description]
2023-11-21T15:45:21.481+02:00 TRACE 39359 --- [    Test worker] org.hibernate.orm.jdbc.bind              : binding parameter [2] as [VARCHAR] - [PETROL]
2023-11-21T15:45:21.481+02:00 TRACE 39359 --- [    Test worker] org.hibernate.orm.jdbc.bind              : binding parameter [3] as [VARCHAR] - [https://www.google.com]
2023-11-21T15:45:21.481+02:00 TRACE 39359 --- [    Test worker] org.hibernate.orm.jdbc.bind              : binding parameter [4] as [INTEGER] - [10000]
2023-11-21T15:45:21.481+02:00 TRACE 39359 --- [    Test worker] org.hibernate.orm.jdbc.bind              : binding parameter [5] as [BIGINT] - [1]
2023-11-21T15:45:21.482+02:00 TRACE 39359 --- [    Test worker] org.hibernate.orm.jdbc.bind              : binding parameter [6] as [NUMERIC] - [1000]
2023-11-21T15:45:21.482+02:00 TRACE 39359 --- [    Test worker] org.hibernate.orm.jdbc.bind              : binding parameter [7] as [BIGINT] - [1]
2023-11-21T15:45:21.482+02:00 TRACE 39359 --- [    Test worker] org.hibernate.orm.jdbc.bind              : binding parameter [8] as [VARCHAR] - [MANUAL]
2023-11-21T15:45:21.482+02:00 TRACE 39359 --- [    Test worker] org.hibernate.orm.jdbc.bind              : binding parameter [9] as [VARCHAR] - [a6dcde0f-bdc1-437b-9a9a-be327f0c9722]
2023-11-21T15:45:21.482+02:00 TRACE 39359 --- [    Test worker] org.hibernate.orm.jdbc.bind              : binding parameter [10] as [INTEGER] - [2020]
2023-11-21T15:45:21.499+02:00 DEBUG 39359 --- [    Test worker] org.hibernate.SQL                        : select e1_0.currency,e1_0.rate from exchange_rates e1_0
2023-11-21T15:45:21.503+02:00 DEBUG 39359 --- [    Test worker] org.hibernate.SQL                        : select o1_0.id,o1_0.description,o1_0.engine,o1_0.image_url,o1_0.mileage,o1_0.model_id,o1_0.price,o1_0.seller_id,o1_0.transmission,o1_0.uuid,o1_0.year from offers o1_0
2023-11-21T15:45:21.506+02:00 DEBUG 39359 --- [    Test worker] org.hibernate.SQL                        : select m1_0.id,b1_0.id,b1_0.name,m1_0.category,m1_0.name from models m1_0 left join brands b1_0 on b1_0.id=m1_0.brand_id where m1_0.id=?
2023-11-21T15:45:21.506+02:00 TRACE 39359 --- [    Test worker] org.hibernate.orm.jdbc.bind              : binding parameter [1] as [BIGINT] - [1]
2023-11-21T15:45:21.509+02:00 DEBUG 39359 --- [    Test worker] org.hibernate.SQL                        : select u1_0.id,u1_0.active,u1_0.email,u1_0.first_name,u1_0.last_name,u1_0.password,r1_0.user_id,r1_1.id,r1_1.role from users u1_0 left join (users_roles r1_0 join roles r1_1 on r1_1.id=r1_0.role_id) on u1_0.id=r1_0.user_id where u1_0.id=?
2023-11-21T15:45:21.512+02:00 TRACE 39359 --- [    Test worker] org.hibernate.orm.jdbc.bind              : binding parameter [1] as [BIGINT] - [1]
2023-11-21T15:45:21.519+02:00 DEBUG 39359 --- [    Test worker] org.hibernate.SQL                        : delete from offers where id=?
2023-11-21T15:45:21.519+02:00 TRACE 39359 --- [    Test worker] org.hibernate.orm.jdbc.bind              : binding parameter [1] as [BIGINT] - [1]
2023-11-21T15:45:21.523+02:00 DEBUG 39359 --- [    Test worker] org.hibernate.SQL                        : select b1_0.id,b1_0.name from brands b1_0
2023-11-21T15:45:21.526+02:00 DEBUG 39359 --- [    Test worker] org.hibernate.SQL                        : select m1_0.brand_id,m1_0.id,m1_0.category,m1_0.name from models m1_0 where m1_0.brand_id=?
2023-11-21T15:45:21.526+02:00 TRACE 39359 --- [    Test worker] org.hibernate.orm.jdbc.bind              : binding parameter [1] as [BIGINT] - [1]
2023-11-21T15:45:21.529+02:00 DEBUG 39359 --- [    Test worker] org.hibernate.SQL                        : delete from brands where id=?
2023-11-21T15:45:21.529+02:00 TRACE 39359 --- [    Test worker] org.hibernate.orm.jdbc.bind              : binding parameter [1] as [BIGINT] - [1]
2023-11-21T15:45:21.530+02:00 DEBUG 39359 --- [    Test worker] org.hibernate.SQL                        : select u1_0.id,u1_0.active,u1_0.email,u1_0.first_name,u1_0.last_name,u1_0.password from users u1_0
2023-11-21T15:45:21.532+02:00 DEBUG 39359 --- [    Test worker] org.hibernate.SQL                        : select r1_0.user_id,r1_1.id,r1_1.role from users_roles r1_0 join roles r1_1 on r1_1.id=r1_0.role_id where r1_0.user_id=?
2023-11-21T15:45:21.532+02:00 TRACE 39359 --- [    Test worker] org.hibernate.orm.jdbc.bind              : binding parameter [1] as [BIGINT] - [1]
2023-11-21T15:45:21.534+02:00 DEBUG 39359 --- [    Test worker] org.hibernate.SQL                        : delete from users_roles where user_id=?
2023-11-21T15:45:21.534+02:00 TRACE 39359 --- [    Test worker] org.hibernate.orm.jdbc.bind              : binding parameter [1] as [BIGINT] - [1]
2023-11-21T15:45:21.535+02:00 DEBUG 39359 --- [    Test worker] org.hibernate.SQL                        : delete from users where id=?
2023-11-21T15:45:21.535+02:00 TRACE 39359 --- [    Test worker] org.hibernate.orm.jdbc.bind              : binding parameter [1] as [BIGINT] - [1]
2023-11-21T15:45:21.544+02:00 DEBUG 39359 --- [    Test worker] org.hibernate.SQL                        : select e1_0.currency,e1_0.rate from exchange_rates e1_0
2023-11-21T15:45:21.546+02:00 DEBUG 39359 --- [    Test worker] org.hibernate.SQL                        : select o1_0.id,o1_0.description,o1_0.engine,o1_0.image_url,o1_0.mileage,o1_0.model_id,o1_0.price,o1_0.seller_id,o1_0.transmission,o1_0.uuid,o1_0.year from offers o1_0
2023-11-21T15:45:21.548+02:00 DEBUG 39359 --- [    Test worker] org.hibernate.SQL                        : select b1_0.id,b1_0.name from brands b1_0
2023-11-21T15:45:21.550+02:00 DEBUG 39359 --- [    Test worker] org.hibernate.SQL                        : select u1_0.id,u1_0.active,u1_0.email,u1_0.first_name,u1_0.last_name,u1_0.password from users u1_0
2023-11-21T15:45:21.552+02:00 DEBUG 39359 --- [    Test worker] org.hibernate.SQL                        : select u1_0.id,u1_0.role from roles u1_0 where u1_0.role in (?)
2023-11-21T15:45:21.553+02:00 TRACE 39359 --- [    Test worker] org.hibernate.orm.jdbc.bind              : binding parameter [1] as [VARCHAR] - [USER]
2023-11-21T15:45:21.554+02:00 DEBUG 39359 --- [    Test worker] org.hibernate.SQL                        : insert into users (active,email,first_name,last_name,password,id) values (?,?,?,?,?,default)
2023-11-21T15:45:21.555+02:00 TRACE 39359 --- [    Test worker] org.hibernate.orm.jdbc.bind              : binding parameter [1] as [BOOLEAN] - [true]
2023-11-21T15:45:21.555+02:00 TRACE 39359 --- [    Test worker] org.hibernate.orm.jdbc.bind              : binding parameter [2] as [VARCHAR] - [user1@example.com]
2023-11-21T15:45:21.555+02:00 TRACE 39359 --- [    Test worker] org.hibernate.orm.jdbc.bind              : binding parameter [3] as [VARCHAR] - [Test user first]
2023-11-21T15:45:21.555+02:00 TRACE 39359 --- [    Test worker] org.hibernate.orm.jdbc.bind              : binding parameter [4] as [VARCHAR] - [Test user last]
2023-11-21T15:45:21.555+02:00 TRACE 39359 --- [    Test worker] org.hibernate.orm.jdbc.bind              : binding parameter [5] as [VARCHAR] - [null]
2023-11-21T15:45:21.556+02:00 DEBUG 39359 --- [    Test worker] org.hibernate.SQL                        : insert into users_roles (user_id,role_id) values (?,?)
2023-11-21T15:45:21.556+02:00 TRACE 39359 --- [    Test worker] org.hibernate.orm.jdbc.bind              : binding parameter [1] as [BIGINT] - [2]
2023-11-21T15:45:21.556+02:00 TRACE 39359 --- [    Test worker] org.hibernate.orm.jdbc.bind              : binding parameter [2] as [BIGINT] - [1]
2023-11-21T15:45:21.557+02:00 DEBUG 39359 --- [    Test worker] org.hibernate.SQL                        : insert into brands (name,id) values (?,default)
2023-11-21T15:45:21.557+02:00 TRACE 39359 --- [    Test worker] org.hibernate.orm.jdbc.bind              : binding parameter [1] as [VARCHAR] - [Test Brand]
2023-11-21T15:45:21.557+02:00 DEBUG 39359 --- [    Test worker] org.hibernate.SQL                        : insert into models (brand_id,category,name,id) values (?,?,?,default)
2023-11-21T15:45:21.557+02:00 TRACE 39359 --- [    Test worker] org.hibernate.orm.jdbc.bind              : binding parameter [1] as [BIGINT] - [null]
2023-11-21T15:45:21.557+02:00 TRACE 39359 --- [    Test worker] org.hibernate.orm.jdbc.bind              : binding parameter [2] as [VARCHAR] - [null]
2023-11-21T15:45:21.557+02:00 TRACE 39359 --- [    Test worker] org.hibernate.orm.jdbc.bind              : binding parameter [3] as [VARCHAR] - [Test Model]
2023-11-21T15:45:21.558+02:00 DEBUG 39359 --- [    Test worker] org.hibernate.SQL                        : insert into models (brand_id,category,name,id) values (?,?,?,default)
2023-11-21T15:45:21.558+02:00 TRACE 39359 --- [    Test worker] org.hibernate.orm.jdbc.bind              : binding parameter [1] as [BIGINT] - [null]
2023-11-21T15:45:21.558+02:00 TRACE 39359 --- [    Test worker] org.hibernate.orm.jdbc.bind              : binding parameter [2] as [VARCHAR] - [null]
2023-11-21T15:45:21.558+02:00 TRACE 39359 --- [    Test worker] org.hibernate.orm.jdbc.bind              : binding parameter [3] as [VARCHAR] - [Test Model1]
2023-11-21T15:45:21.559+02:00 DEBUG 39359 --- [    Test worker] org.hibernate.SQL                        : insert into offers (description,engine,image_url,mileage,model_id,price,seller_id,transmission,uuid,year,id) values (?,?,?,?,?,?,?,?,?,?,default)
2023-11-21T15:45:21.560+02:00 TRACE 39359 --- [    Test worker] org.hibernate.orm.jdbc.bind              : binding parameter [1] as [VARCHAR] - [Test Description]
2023-11-21T15:45:21.560+02:00 TRACE 39359 --- [    Test worker] org.hibernate.orm.jdbc.bind              : binding parameter [2] as [VARCHAR] - [PETROL]
2023-11-21T15:45:21.560+02:00 TRACE 39359 --- [    Test worker] org.hibernate.orm.jdbc.bind              : binding parameter [3] as [VARCHAR] - [https://www.google.com]
2023-11-21T15:45:21.560+02:00 TRACE 39359 --- [    Test worker] org.hibernate.orm.jdbc.bind              : binding parameter [4] as [INTEGER] - [10000]
2023-11-21T15:45:21.560+02:00 TRACE 39359 --- [    Test worker] org.hibernate.orm.jdbc.bind              : binding parameter [5] as [BIGINT] - [3]
2023-11-21T15:45:21.560+02:00 TRACE 39359 --- [    Test worker] org.hibernate.orm.jdbc.bind              : binding parameter [6] as [NUMERIC] - [1000]
2023-11-21T15:45:21.560+02:00 TRACE 39359 --- [    Test worker] org.hibernate.orm.jdbc.bind              : binding parameter [7] as [BIGINT] - [2]
2023-11-21T15:45:21.560+02:00 TRACE 39359 --- [    Test worker] org.hibernate.orm.jdbc.bind              : binding parameter [8] as [VARCHAR] - [MANUAL]
2023-11-21T15:45:21.560+02:00 TRACE 39359 --- [    Test worker] org.hibernate.orm.jdbc.bind              : binding parameter [9] as [VARCHAR] - [7aa3ab9e-0620-4f13-9777-fc9bd88c2d65]
2023-11-21T15:45:21.560+02:00 TRACE 39359 --- [    Test worker] org.hibernate.orm.jdbc.bind              : binding parameter [10] as [INTEGER] - [2020]
2023-11-21T15:45:21.600+02:00 DEBUG 39359 --- [    Test worker] org.hibernate.SQL                        : select o1_0.id,o1_0.description,o1_0.engine,o1_0.image_url,o1_0.mileage,o1_0.model_id,o1_0.price,o1_0.seller_id,o1_0.transmission,o1_0.uuid,o1_0.year from offers o1_0 where o1_0.uuid=?
2023-11-21T15:45:21.601+02:00 TRACE 39359 --- [    Test worker] org.hibernate.orm.jdbc.bind              : binding parameter [1] as [VARCHAR] - [7aa3ab9e-0620-4f13-9777-fc9bd88c2d65]
2023-11-21T15:45:21.602+02:00 DEBUG 39359 --- [    Test worker] org.hibernate.SQL                        : select m1_0.id,b1_0.id,b1_0.name,m1_0.category,m1_0.name from models m1_0 left join brands b1_0 on b1_0.id=m1_0.brand_id where m1_0.id=?
2023-11-21T15:45:21.602+02:00 TRACE 39359 --- [    Test worker] org.hibernate.orm.jdbc.bind              : binding parameter [1] as [BIGINT] - [3]
2023-11-21T15:45:21.603+02:00 DEBUG 39359 --- [    Test worker] org.hibernate.SQL                        : select u1_0.id,u1_0.active,u1_0.email,u1_0.first_name,u1_0.last_name,u1_0.password,r1_0.user_id,r1_1.id,r1_1.role from users u1_0 left join (users_roles r1_0 join roles r1_1 on r1_1.id=r1_0.role_id) on u1_0.id=r1_0.user_id where u1_0.id=?
2023-11-21T15:45:21.603+02:00 TRACE 39359 --- [    Test worker] org.hibernate.orm.jdbc.bind              : binding parameter [1] as [BIGINT] - [2]
2023-11-21T15:45:21.607+02:00 DEBUG 39359 --- [    Test worker] org.hibernate.SQL                        : select u1_0.id,u1_0.active,u1_0.email,u1_0.first_name,u1_0.last_name,u1_0.password from users u1_0 where u1_0.email=?
2023-11-21T15:45:21.607+02:00 TRACE 39359 --- [    Test worker] org.hibernate.orm.jdbc.bind              : binding parameter [1] as [VARCHAR] - [user1@example.com]
2023-11-21T15:45:21.618+02:00 DEBUG 39359 --- [    Test worker] org.hibernate.SQL                        : select o1_0.id,o1_0.description,o1_0.engine,o1_0.image_url,o1_0.mileage,o1_0.model_id,o1_0.price,o1_0.seller_id,o1_0.transmission,o1_0.uuid,o1_0.year from offers o1_0 where o1_0.uuid=?
2023-11-21T15:45:21.619+02:00 TRACE 39359 --- [    Test worker] org.hibernate.orm.jdbc.bind              : binding parameter [1] as [VARCHAR] - [7aa3ab9e-0620-4f13-9777-fc9bd88c2d65]
2023-11-21T15:45:21.622+02:00 DEBUG 39359 --- [    Test worker] org.hibernate.SQL                        : delete from offers where id=?
2023-11-21T15:45:21.623+02:00 TRACE 39359 --- [    Test worker] org.hibernate.orm.jdbc.bind              : binding parameter [1] as [BIGINT] - [2]
2023-11-21T15:45:21.634+02:00 DEBUG 39359 --- [    Test worker] org.hibernate.SQL                        : select e1_0.currency,e1_0.rate from exchange_rates e1_0
2023-11-21T15:45:21.637+02:00 DEBUG 39359 --- [    Test worker] org.hibernate.SQL                        : select o1_0.id,o1_0.description,o1_0.engine,o1_0.image_url,o1_0.mileage,o1_0.model_id,o1_0.price,o1_0.seller_id,o1_0.transmission,o1_0.uuid,o1_0.year from offers o1_0
2023-11-21T15:45:21.639+02:00 DEBUG 39359 --- [    Test worker] org.hibernate.SQL                        : select b1_0.id,b1_0.name from brands b1_0
2023-11-21T15:45:21.640+02:00 DEBUG 39359 --- [    Test worker] org.hibernate.SQL                        : select m1_0.brand_id,m1_0.id,m1_0.category,m1_0.name from models m1_0 where m1_0.brand_id=?
2023-11-21T15:45:21.640+02:00 TRACE 39359 --- [    Test worker] org.hibernate.orm.jdbc.bind              : binding parameter [1] as [BIGINT] - [2]
2023-11-21T15:45:21.641+02:00 DEBUG 39359 --- [    Test worker] org.hibernate.SQL                        : delete from brands where id=?
2023-11-21T15:45:21.641+02:00 TRACE 39359 --- [    Test worker] org.hibernate.orm.jdbc.bind              : binding parameter [1] as [BIGINT] - [2]
2023-11-21T15:45:21.643+02:00 DEBUG 39359 --- [    Test worker] org.hibernate.SQL                        : select u1_0.id,u1_0.active,u1_0.email,u1_0.first_name,u1_0.last_name,u1_0.password from users u1_0
2023-11-21T15:45:21.644+02:00 DEBUG 39359 --- [    Test worker] org.hibernate.SQL                        : select r1_0.user_id,r1_1.id,r1_1.role from users_roles r1_0 join roles r1_1 on r1_1.id=r1_0.role_id where r1_0.user_id=?
2023-11-21T15:45:21.644+02:00 TRACE 39359 --- [    Test worker] org.hibernate.orm.jdbc.bind              : binding parameter [1] as [BIGINT] - [2]
2023-11-21T15:45:21.646+02:00 DEBUG 39359 --- [    Test worker] org.hibernate.SQL                        : delete from users_roles where user_id=?
2023-11-21T15:45:21.647+02:00 TRACE 39359 --- [    Test worker] org.hibernate.orm.jdbc.bind              : binding parameter [1] as [BIGINT] - [2]
2023-11-21T15:45:21.648+02:00 DEBUG 39359 --- [    Test worker] org.hibernate.SQL                        : delete from users where id=?
2023-11-21T15:45:21.648+02:00 TRACE 39359 --- [    Test worker] org.hibernate.orm.jdbc.bind              : binding parameter [1] as [BIGINT] - [2]
2023-11-21T15:45:21.658+02:00 DEBUG 39359 --- [    Test worker] org.hibernate.SQL                        : select e1_0.currency,e1_0.rate from exchange_rates e1_0
2023-11-21T15:45:21.660+02:00 DEBUG 39359 --- [    Test worker] org.hibernate.SQL                        : select o1_0.id,o1_0.description,o1_0.engine,o1_0.image_url,o1_0.mileage,o1_0.model_id,o1_0.price,o1_0.seller_id,o1_0.transmission,o1_0.uuid,o1_0.year from offers o1_0
2023-11-21T15:45:21.662+02:00 DEBUG 39359 --- [    Test worker] org.hibernate.SQL                        : select b1_0.id,b1_0.name from brands b1_0
2023-11-21T15:45:21.664+02:00 DEBUG 39359 --- [    Test worker] org.hibernate.SQL                        : select u1_0.id,u1_0.active,u1_0.email,u1_0.first_name,u1_0.last_name,u1_0.password from users u1_0
2023-11-21T15:45:21.667+02:00 DEBUG 39359 --- [    Test worker] org.hibernate.SQL                        : select u1_0.id,u1_0.role from roles u1_0 where u1_0.role in (?)
2023-11-21T15:45:21.667+02:00 TRACE 39359 --- [    Test worker] org.hibernate.orm.jdbc.bind              : binding parameter [1] as [VARCHAR] - [USER]
2023-11-21T15:45:21.669+02:00 DEBUG 39359 --- [    Test worker] org.hibernate.SQL                        : insert into users (active,email,first_name,last_name,password,id) values (?,?,?,?,?,default)
2023-11-21T15:45:21.669+02:00 TRACE 39359 --- [    Test worker] org.hibernate.orm.jdbc.bind              : binding parameter [1] as [BOOLEAN] - [true]
2023-11-21T15:45:21.669+02:00 TRACE 39359 --- [    Test worker] org.hibernate.orm.jdbc.bind              : binding parameter [2] as [VARCHAR] - [user1@example.com]
2023-11-21T15:45:21.669+02:00 TRACE 39359 --- [    Test worker] org.hibernate.orm.jdbc.bind              : binding parameter [3] as [VARCHAR] - [Test user first]
2023-11-21T15:45:21.670+02:00 TRACE 39359 --- [    Test worker] org.hibernate.orm.jdbc.bind              : binding parameter [4] as [VARCHAR] - [Test user last]
2023-11-21T15:45:21.670+02:00 TRACE 39359 --- [    Test worker] org.hibernate.orm.jdbc.bind              : binding parameter [5] as [VARCHAR] - [null]
2023-11-21T15:45:21.671+02:00 DEBUG 39359 --- [    Test worker] org.hibernate.SQL                        : insert into users_roles (user_id,role_id) values (?,?)
2023-11-21T15:45:21.671+02:00 TRACE 39359 --- [    Test worker] org.hibernate.orm.jdbc.bind              : binding parameter [1] as [BIGINT] - [3]
2023-11-21T15:45:21.671+02:00 TRACE 39359 --- [    Test worker] org.hibernate.orm.jdbc.bind              : binding parameter [2] as [BIGINT] - [1]
2023-11-21T15:45:21.673+02:00 DEBUG 39359 --- [    Test worker] org.hibernate.SQL                        : select u1_0.id,u1_0.role from roles u1_0 where u1_0.role in (?)
2023-11-21T15:45:21.674+02:00 TRACE 39359 --- [    Test worker] org.hibernate.orm.jdbc.bind              : binding parameter [1] as [VARCHAR] - [USER]
2023-11-21T15:45:21.676+02:00 DEBUG 39359 --- [    Test worker] org.hibernate.SQL                        : insert into users (active,email,first_name,last_name,password,id) values (?,?,?,?,?,default)
2023-11-21T15:45:21.676+02:00 TRACE 39359 --- [    Test worker] org.hibernate.orm.jdbc.bind              : binding parameter [1] as [BOOLEAN] - [true]
2023-11-21T15:45:21.677+02:00 TRACE 39359 --- [    Test worker] org.hibernate.orm.jdbc.bind              : binding parameter [2] as [VARCHAR] - [user2@example.com]
2023-11-21T15:45:21.677+02:00 TRACE 39359 --- [    Test worker] org.hibernate.orm.jdbc.bind              : binding parameter [3] as [VARCHAR] - [Test user first]
2023-11-21T15:45:21.677+02:00 TRACE 39359 --- [    Test worker] org.hibernate.orm.jdbc.bind              : binding parameter [4] as [VARCHAR] - [Test user last]
2023-11-21T15:45:21.677+02:00 TRACE 39359 --- [    Test worker] org.hibernate.orm.jdbc.bind              : binding parameter [5] as [VARCHAR] - [null]
2023-11-21T15:45:21.678+02:00 DEBUG 39359 --- [    Test worker] org.hibernate.SQL                        : insert into users_roles (user_id,role_id) values (?,?)
2023-11-21T15:45:21.678+02:00 TRACE 39359 --- [    Test worker] org.hibernate.orm.jdbc.bind              : binding parameter [1] as [BIGINT] - [4]
2023-11-21T15:45:21.678+02:00 TRACE 39359 --- [    Test worker] org.hibernate.orm.jdbc.bind              : binding parameter [2] as [BIGINT] - [1]
2023-11-21T15:45:21.679+02:00 DEBUG 39359 --- [    Test worker] org.hibernate.SQL                        : insert into brands (name,id) values (?,default)
2023-11-21T15:45:21.680+02:00 TRACE 39359 --- [    Test worker] org.hibernate.orm.jdbc.bind              : binding parameter [1] as [VARCHAR] - [Test Brand]
2023-11-21T15:45:21.681+02:00 DEBUG 39359 --- [    Test worker] org.hibernate.SQL                        : insert into models (brand_id,category,name,id) values (?,?,?,default)
2023-11-21T15:45:21.681+02:00 TRACE 39359 --- [    Test worker] org.hibernate.orm.jdbc.bind              : binding parameter [1] as [BIGINT] - [null]
2023-11-21T15:45:21.681+02:00 TRACE 39359 --- [    Test worker] org.hibernate.orm.jdbc.bind              : binding parameter [2] as [VARCHAR] - [null]
2023-11-21T15:45:21.681+02:00 TRACE 39359 --- [    Test worker] org.hibernate.orm.jdbc.bind              : binding parameter [3] as [VARCHAR] - [Test Model]
2023-11-21T15:45:21.682+02:00 DEBUG 39359 --- [    Test worker] org.hibernate.SQL                        : insert into models (brand_id,category,name,id) values (?,?,?,default)
2023-11-21T15:45:21.683+02:00 TRACE 39359 --- [    Test worker] org.hibernate.orm.jdbc.bind              : binding parameter [1] as [BIGINT] - [null]
2023-11-21T15:45:21.683+02:00 TRACE 39359 --- [    Test worker] org.hibernate.orm.jdbc.bind              : binding parameter [2] as [VARCHAR] - [null]
2023-11-21T15:45:21.683+02:00 TRACE 39359 --- [    Test worker] org.hibernate.orm.jdbc.bind              : binding parameter [3] as [VARCHAR] - [Test Model1]
2023-11-21T15:45:21.687+02:00 DEBUG 39359 --- [    Test worker] org.hibernate.SQL                        : insert into offers (description,engine,image_url,mileage,model_id,price,seller_id,transmission,uuid,year,id) values (?,?,?,?,?,?,?,?,?,?,default)
2023-11-21T15:45:21.688+02:00 TRACE 39359 --- [    Test worker] org.hibernate.orm.jdbc.bind              : binding parameter [1] as [VARCHAR] - [Test Description]
2023-11-21T15:45:21.689+02:00 TRACE 39359 --- [    Test worker] org.hibernate.orm.jdbc.bind              : binding parameter [2] as [VARCHAR] - [PETROL]
2023-11-21T15:45:21.689+02:00 TRACE 39359 --- [    Test worker] org.hibernate.orm.jdbc.bind              : binding parameter [3] as [VARCHAR] - [https://www.google.com]
2023-11-21T15:45:21.689+02:00 TRACE 39359 --- [    Test worker] org.hibernate.orm.jdbc.bind              : binding parameter [4] as [INTEGER] - [10000]
2023-11-21T15:45:21.689+02:00 TRACE 39359 --- [    Test worker] org.hibernate.orm.jdbc.bind              : binding parameter [5] as [BIGINT] - [5]
2023-11-21T15:45:21.689+02:00 TRACE 39359 --- [    Test worker] org.hibernate.orm.jdbc.bind              : binding parameter [6] as [NUMERIC] - [1000]
2023-11-21T15:45:21.689+02:00 TRACE 39359 --- [    Test worker] org.hibernate.orm.jdbc.bind              : binding parameter [7] as [BIGINT] - [3]
2023-11-21T15:45:21.689+02:00 TRACE 39359 --- [    Test worker] org.hibernate.orm.jdbc.bind              : binding parameter [8] as [VARCHAR] - [MANUAL]
2023-11-21T15:45:21.689+02:00 TRACE 39359 --- [    Test worker] org.hibernate.orm.jdbc.bind              : binding parameter [9] as [VARCHAR] - [053697f7-ba51-4efa-89c5-a370cf1cbe55]
2023-11-21T15:45:21.689+02:00 TRACE 39359 --- [    Test worker] org.hibernate.orm.jdbc.bind              : binding parameter [10] as [INTEGER] - [2020]
2023-11-21T15:45:21.694+02:00 DEBUG 39359 --- [    Test worker] org.hibernate.SQL                        : select o1_0.id,o1_0.description,o1_0.engine,o1_0.image_url,o1_0.mileage,o1_0.model_id,o1_0.price,o1_0.seller_id,o1_0.transmission,o1_0.uuid,o1_0.year from offers o1_0 where o1_0.uuid=?
2023-11-21T15:45:21.695+02:00 TRACE 39359 --- [    Test worker] org.hibernate.orm.jdbc.bind              : binding parameter [1] as [VARCHAR] - [053697f7-ba51-4efa-89c5-a370cf1cbe55]
2023-11-21T15:45:21.695+02:00 DEBUG 39359 --- [    Test worker] org.hibernate.SQL                        : select m1_0.id,b1_0.id,b1_0.name,m1_0.category,m1_0.name from models m1_0 left join brands b1_0 on b1_0.id=m1_0.brand_id where m1_0.id=?
2023-11-21T15:45:21.695+02:00 TRACE 39359 --- [    Test worker] org.hibernate.orm.jdbc.bind              : binding parameter [1] as [BIGINT] - [5]
2023-11-21T15:45:21.696+02:00 DEBUG 39359 --- [    Test worker] org.hibernate.SQL                        : select u1_0.id,u1_0.active,u1_0.email,u1_0.first_name,u1_0.last_name,u1_0.password,r1_0.user_id,r1_1.id,r1_1.role from users u1_0 left join (users_roles r1_0 join roles r1_1 on r1_1.id=r1_0.role_id) on u1_0.id=r1_0.user_id where u1_0.id=?
2023-11-21T15:45:21.696+02:00 TRACE 39359 --- [    Test worker] org.hibernate.orm.jdbc.bind              : binding parameter [1] as [BIGINT] - [3]
2023-11-21T15:45:21.698+02:00 DEBUG 39359 --- [    Test worker] org.hibernate.SQL                        : select u1_0.id,u1_0.active,u1_0.email,u1_0.first_name,u1_0.last_name,u1_0.password from users u1_0 where u1_0.email=?
2023-11-21T15:45:21.699+02:00 TRACE 39359 --- [    Test worker] org.hibernate.orm.jdbc.bind              : binding parameter [1] as [VARCHAR] - [user2@example.com]
2023-11-21T15:45:21.700+02:00 DEBUG 39359 --- [    Test worker] org.hibernate.SQL                        : select r1_0.user_id,r1_1.id,r1_1.role from users_roles r1_0 join roles r1_1 on r1_1.id=r1_0.role_id where r1_0.user_id=?
2023-11-21T15:45:21.701+02:00 TRACE 39359 --- [    Test worker] org.hibernate.orm.jdbc.bind              : binding parameter [1] as [BIGINT] - [4]
2023-11-21T15:45:21.707+02:00 DEBUG 39359 --- [    Test worker] org.hibernate.SQL                        : select e1_0.currency,e1_0.rate from exchange_rates e1_0
2023-11-21T15:45:21.709+02:00 DEBUG 39359 --- [    Test worker] org.hibernate.SQL                        : select o1_0.id,o1_0.description,o1_0.engine,o1_0.image_url,o1_0.mileage,o1_0.model_id,o1_0.price,o1_0.seller_id,o1_0.transmission,o1_0.uuid,o1_0.year from offers o1_0
2023-11-21T15:45:21.710+02:00 DEBUG 39359 --- [    Test worker] org.hibernate.SQL                        : select m1_0.id,b1_0.id,b1_0.name,m1_0.category,m1_0.name from models m1_0 left join brands b1_0 on b1_0.id=m1_0.brand_id where m1_0.id=?
2023-11-21T15:45:21.710+02:00 TRACE 39359 --- [    Test worker] org.hibernate.orm.jdbc.bind              : binding parameter [1] as [BIGINT] - [5]
2023-11-21T15:45:21.711+02:00 DEBUG 39359 --- [    Test worker] org.hibernate.SQL                        : select u1_0.id,u1_0.active,u1_0.email,u1_0.first_name,u1_0.last_name,u1_0.password,r1_0.user_id,r1_1.id,r1_1.role from users u1_0 left join (users_roles r1_0 join roles r1_1 on r1_1.id=r1_0.role_id) on u1_0.id=r1_0.user_id where u1_0.id=?
2023-11-21T15:45:21.711+02:00 TRACE 39359 --- [    Test worker] org.hibernate.orm.jdbc.bind              : binding parameter [1] as [BIGINT] - [3]
2023-11-21T15:45:21.714+02:00 DEBUG 39359 --- [    Test worker] org.hibernate.SQL                        : delete from offers where id=?
2023-11-21T15:45:21.714+02:00 TRACE 39359 --- [    Test worker] org.hibernate.orm.jdbc.bind              : binding parameter [1] as [BIGINT] - [3]
2023-11-21T15:45:21.715+02:00 DEBUG 39359 --- [    Test worker] org.hibernate.SQL                        : select b1_0.id,b1_0.name from brands b1_0
2023-11-21T15:45:21.718+02:00 DEBUG 39359 --- [    Test worker] org.hibernate.SQL                        : select m1_0.brand_id,m1_0.id,m1_0.category,m1_0.name from models m1_0 where m1_0.brand_id=?
2023-11-21T15:45:21.718+02:00 TRACE 39359 --- [    Test worker] org.hibernate.orm.jdbc.bind              : binding parameter [1] as [BIGINT] - [3]
2023-11-21T15:45:21.720+02:00 DEBUG 39359 --- [    Test worker] org.hibernate.SQL                        : delete from brands where id=?
2023-11-21T15:45:21.720+02:00 TRACE 39359 --- [    Test worker] org.hibernate.orm.jdbc.bind              : binding parameter [1] as [BIGINT] - [3]
2023-11-21T15:45:21.722+02:00 DEBUG 39359 --- [    Test worker] org.hibernate.SQL                        : select u1_0.id,u1_0.active,u1_0.email,u1_0.first_name,u1_0.last_name,u1_0.password from users u1_0
2023-11-21T15:45:21.723+02:00 DEBUG 39359 --- [    Test worker] org.hibernate.SQL                        : select r1_0.user_id,r1_1.id,r1_1.role from users_roles r1_0 join roles r1_1 on r1_1.id=r1_0.role_id where r1_0.user_id=?
2023-11-21T15:45:21.724+02:00 TRACE 39359 --- [    Test worker] org.hibernate.orm.jdbc.bind              : binding parameter [1] as [BIGINT] - [4]
2023-11-21T15:45:21.725+02:00 DEBUG 39359 --- [    Test worker] org.hibernate.SQL                        : select r1_0.user_id,r1_1.id,r1_1.role from users_roles r1_0 join roles r1_1 on r1_1.id=r1_0.role_id where r1_0.user_id=?
2023-11-21T15:45:21.725+02:00 TRACE 39359 --- [    Test worker] org.hibernate.orm.jdbc.bind              : binding parameter [1] as [BIGINT] - [3]
2023-11-21T15:45:21.726+02:00 DEBUG 39359 --- [    Test worker] org.hibernate.SQL                        : delete from users_roles where user_id=?
2023-11-21T15:45:21.726+02:00 TRACE 39359 --- [    Test worker] org.hibernate.orm.jdbc.bind              : binding parameter [1] as [BIGINT] - [3]
2023-11-21T15:45:21.726+02:00 DEBUG 39359 --- [    Test worker] org.hibernate.SQL                        : delete from users_roles where user_id=?
2023-11-21T15:45:21.727+02:00 TRACE 39359 --- [    Test worker] org.hibernate.orm.jdbc.bind              : binding parameter [1] as [BIGINT] - [4]
2023-11-21T15:45:21.727+02:00 DEBUG 39359 --- [    Test worker] org.hibernate.SQL                        : delete from users where id=?
2023-11-21T15:45:21.727+02:00 TRACE 39359 --- [    Test worker] org.hibernate.orm.jdbc.bind              : binding parameter [1] as [BIGINT] - [3]
2023-11-21T15:45:21.728+02:00 DEBUG 39359 --- [    Test worker] org.hibernate.SQL                        : delete from users where id=?
2023-11-21T15:45:21.728+02:00 TRACE 39359 --- [    Test worker] org.hibernate.orm.jdbc.bind              : binding parameter [1] as [BIGINT] - [4]
2023-11-21T15:45:21.736+02:00 DEBUG 39359 --- [    Test worker] org.hibernate.SQL                        : select e1_0.currency,e1_0.rate from exchange_rates e1_0
2023-11-21T15:45:21.738+02:00 DEBUG 39359 --- [    Test worker] org.hibernate.SQL                        : select o1_0.id,o1_0.description,o1_0.engine,o1_0.image_url,o1_0.mileage,o1_0.model_id,o1_0.price,o1_0.seller_id,o1_0.transmission,o1_0.uuid,o1_0.year from offers o1_0
2023-11-21T15:45:21.740+02:00 DEBUG 39359 --- [    Test worker] org.hibernate.SQL                        : select b1_0.id,b1_0.name from brands b1_0
2023-11-21T15:45:21.742+02:00 DEBUG 39359 --- [    Test worker] org.hibernate.SQL                        : select u1_0.id,u1_0.active,u1_0.email,u1_0.first_name,u1_0.last_name,u1_0.password from users u1_0
2023-11-21T15:45:21.745+02:00 DEBUG 39359 --- [    Test worker] org.hibernate.SQL                        : select u1_0.id,u1_0.role from roles u1_0 where u1_0.role in (?)
2023-11-21T15:45:21.745+02:00 TRACE 39359 --- [    Test worker] org.hibernate.orm.jdbc.bind              : binding parameter [1] as [VARCHAR] - [USER]
2023-11-21T15:45:21.746+02:00 DEBUG 39359 --- [    Test worker] org.hibernate.SQL                        : insert into users (active,email,first_name,last_name,password,id) values (?,?,?,?,?,default)
2023-11-21T15:45:21.747+02:00 TRACE 39359 --- [    Test worker] org.hibernate.orm.jdbc.bind              : binding parameter [1] as [BOOLEAN] - [true]
2023-11-21T15:45:21.747+02:00 TRACE 39359 --- [    Test worker] org.hibernate.orm.jdbc.bind              : binding parameter [2] as [VARCHAR] - [user1@example.com]
2023-11-21T15:45:21.747+02:00 TRACE 39359 --- [    Test worker] org.hibernate.orm.jdbc.bind              : binding parameter [3] as [VARCHAR] - [Test user first]
2023-11-21T15:45:21.747+02:00 TRACE 39359 --- [    Test worker] org.hibernate.orm.jdbc.bind              : binding parameter [4] as [VARCHAR] - [Test user last]
2023-11-21T15:45:21.747+02:00 TRACE 39359 --- [    Test worker] org.hibernate.orm.jdbc.bind              : binding parameter [5] as [VARCHAR] - [null]
2023-11-21T15:45:21.748+02:00 DEBUG 39359 --- [    Test worker] org.hibernate.SQL                        : insert into users_roles (user_id,role_id) values (?,?)
2023-11-21T15:45:21.748+02:00 TRACE 39359 --- [    Test worker] org.hibernate.orm.jdbc.bind              : binding parameter [1] as [BIGINT] - [5]
2023-11-21T15:45:21.748+02:00 TRACE 39359 --- [    Test worker] org.hibernate.orm.jdbc.bind              : binding parameter [2] as [BIGINT] - [1]
2023-11-21T15:45:21.750+02:00 DEBUG 39359 --- [    Test worker] org.hibernate.SQL                        : select u1_0.id,u1_0.role from roles u1_0 where u1_0.role in (?)
2023-11-21T15:45:21.750+02:00 TRACE 39359 --- [    Test worker] org.hibernate.orm.jdbc.bind              : binding parameter [1] as [VARCHAR] - [ADMIN]
2023-11-21T15:45:21.752+02:00 DEBUG 39359 --- [    Test worker] org.hibernate.SQL                        : insert into users (active,email,first_name,last_name,password,id) values (?,?,?,?,?,default)
2023-11-21T15:45:21.752+02:00 TRACE 39359 --- [    Test worker] org.hibernate.orm.jdbc.bind              : binding parameter [1] as [BOOLEAN] - [true]
2023-11-21T15:45:21.752+02:00 TRACE 39359 --- [    Test worker] org.hibernate.orm.jdbc.bind              : binding parameter [2] as [VARCHAR] - [admin@example.com]
2023-11-21T15:45:21.752+02:00 TRACE 39359 --- [    Test worker] org.hibernate.orm.jdbc.bind              : binding parameter [3] as [VARCHAR] - [Test user first]
2023-11-21T15:45:21.752+02:00 TRACE 39359 --- [    Test worker] org.hibernate.orm.jdbc.bind              : binding parameter [4] as [VARCHAR] - [Test user last]
2023-11-21T15:45:21.752+02:00 TRACE 39359 --- [    Test worker] org.hibernate.orm.jdbc.bind              : binding parameter [5] as [VARCHAR] - [null]
2023-11-21T15:45:21.753+02:00 DEBUG 39359 --- [    Test worker] org.hibernate.SQL                        : insert into users_roles (user_id,role_id) values (?,?)
2023-11-21T15:45:21.754+02:00 TRACE 39359 --- [    Test worker] org.hibernate.orm.jdbc.bind              : binding parameter [1] as [BIGINT] - [6]
2023-11-21T15:45:21.754+02:00 TRACE 39359 --- [    Test worker] org.hibernate.orm.jdbc.bind              : binding parameter [2] as [BIGINT] - [2]
2023-11-21T15:45:21.755+02:00 DEBUG 39359 --- [    Test worker] org.hibernate.SQL                        : insert into brands (name,id) values (?,default)
2023-11-21T15:45:21.755+02:00 TRACE 39359 --- [    Test worker] org.hibernate.orm.jdbc.bind              : binding parameter [1] as [VARCHAR] - [Test Brand]
2023-11-21T15:45:21.755+02:00 DEBUG 39359 --- [    Test worker] org.hibernate.SQL                        : insert into models (brand_id,category,name,id) values (?,?,?,default)
2023-11-21T15:45:21.756+02:00 TRACE 39359 --- [    Test worker] org.hibernate.orm.jdbc.bind              : binding parameter [1] as [BIGINT] - [null]
2023-11-21T15:45:21.756+02:00 TRACE 39359 --- [    Test worker] org.hibernate.orm.jdbc.bind              : binding parameter [2] as [VARCHAR] - [null]
2023-11-21T15:45:21.756+02:00 TRACE 39359 --- [    Test worker] org.hibernate.orm.jdbc.bind              : binding parameter [3] as [VARCHAR] - [Test Model]
2023-11-21T15:45:21.756+02:00 DEBUG 39359 --- [    Test worker] org.hibernate.SQL                        : insert into models (brand_id,category,name,id) values (?,?,?,default)
2023-11-21T15:45:21.756+02:00 TRACE 39359 --- [    Test worker] org.hibernate.orm.jdbc.bind              : binding parameter [1] as [BIGINT] - [null]
2023-11-21T15:45:21.756+02:00 TRACE 39359 --- [    Test worker] org.hibernate.orm.jdbc.bind              : binding parameter [2] as [VARCHAR] - [null]
2023-11-21T15:45:21.756+02:00 TRACE 39359 --- [    Test worker] org.hibernate.orm.jdbc.bind              : binding parameter [3] as [VARCHAR] - [Test Model1]
2023-11-21T15:45:21.757+02:00 DEBUG 39359 --- [    Test worker] org.hibernate.SQL                        : insert into offers (description,engine,image_url,mileage,model_id,price,seller_id,transmission,uuid,year,id) values (?,?,?,?,?,?,?,?,?,?,default)
2023-11-21T15:45:21.758+02:00 TRACE 39359 --- [    Test worker] org.hibernate.orm.jdbc.bind              : binding parameter [1] as [VARCHAR] - [Test Description]
2023-11-21T15:45:21.758+02:00 TRACE 39359 --- [    Test worker] org.hibernate.orm.jdbc.bind              : binding parameter [2] as [VARCHAR] - [PETROL]
2023-11-21T15:45:21.758+02:00 TRACE 39359 --- [    Test worker] org.hibernate.orm.jdbc.bind              : binding parameter [3] as [VARCHAR] - [https://www.google.com]
2023-11-21T15:45:21.758+02:00 TRACE 39359 --- [    Test worker] org.hibernate.orm.jdbc.bind              : binding parameter [4] as [INTEGER] - [10000]
2023-11-21T15:45:21.758+02:00 TRACE 39359 --- [    Test worker] org.hibernate.orm.jdbc.bind              : binding parameter [5] as [BIGINT] - [7]
2023-11-21T15:45:21.758+02:00 TRACE 39359 --- [    Test worker] org.hibernate.orm.jdbc.bind              : binding parameter [6] as [NUMERIC] - [1000]
2023-11-21T15:45:21.758+02:00 TRACE 39359 --- [    Test worker] org.hibernate.orm.jdbc.bind              : binding parameter [7] as [BIGINT] - [5]
2023-11-21T15:45:21.758+02:00 TRACE 39359 --- [    Test worker] org.hibernate.orm.jdbc.bind              : binding parameter [8] as [VARCHAR] - [MANUAL]
2023-11-21T15:45:21.758+02:00 TRACE 39359 --- [    Test worker] org.hibernate.orm.jdbc.bind              : binding parameter [9] as [VARCHAR] - [675b9720-2c3f-43f2-b395-4d4ad8f7f0d1]
2023-11-21T15:45:21.758+02:00 TRACE 39359 --- [    Test worker] org.hibernate.orm.jdbc.bind              : binding parameter [10] as [INTEGER] - [2020]
2023-11-21T15:45:21.763+02:00 DEBUG 39359 --- [    Test worker] org.hibernate.SQL                        : select o1_0.id,o1_0.description,o1_0.engine,o1_0.image_url,o1_0.mileage,o1_0.model_id,o1_0.price,o1_0.seller_id,o1_0.transmission,o1_0.uuid,o1_0.year from offers o1_0 where o1_0.uuid=?
2023-11-21T15:45:21.764+02:00 TRACE 39359 --- [    Test worker] org.hibernate.orm.jdbc.bind              : binding parameter [1] as [VARCHAR] - [675b9720-2c3f-43f2-b395-4d4ad8f7f0d1]
2023-11-21T15:45:21.764+02:00 DEBUG 39359 --- [    Test worker] org.hibernate.SQL                        : select m1_0.id,b1_0.id,b1_0.name,m1_0.category,m1_0.name from models m1_0 left join brands b1_0 on b1_0.id=m1_0.brand_id where m1_0.id=?
2023-11-21T15:45:21.765+02:00 TRACE 39359 --- [    Test worker] org.hibernate.orm.jdbc.bind              : binding parameter [1] as [BIGINT] - [7]
2023-11-21T15:45:21.766+02:00 DEBUG 39359 --- [    Test worker] org.hibernate.SQL                        : select u1_0.id,u1_0.active,u1_0.email,u1_0.first_name,u1_0.last_name,u1_0.password,r1_0.user_id,r1_1.id,r1_1.role from users u1_0 left join (users_roles r1_0 join roles r1_1 on r1_1.id=r1_0.role_id) on u1_0.id=r1_0.user_id where u1_0.id=?
2023-11-21T15:45:21.767+02:00 TRACE 39359 --- [    Test worker] org.hibernate.orm.jdbc.bind              : binding parameter [1] as [BIGINT] - [5]
2023-11-21T15:45:21.770+02:00 DEBUG 39359 --- [    Test worker] org.hibernate.SQL                        : select u1_0.id,u1_0.active,u1_0.email,u1_0.first_name,u1_0.last_name,u1_0.password from users u1_0 where u1_0.email=?
2023-11-21T15:45:21.770+02:00 TRACE 39359 --- [    Test worker] org.hibernate.orm.jdbc.bind              : binding parameter [1] as [VARCHAR] - [admin@example.com]
2023-11-21T15:45:21.771+02:00 DEBUG 39359 --- [    Test worker] org.hibernate.SQL                        : select r1_0.user_id,r1_1.id,r1_1.role from users_roles r1_0 join roles r1_1 on r1_1.id=r1_0.role_id where r1_0.user_id=?
2023-11-21T15:45:21.771+02:00 TRACE 39359 --- [    Test worker] org.hibernate.orm.jdbc.bind              : binding parameter [1] as [BIGINT] - [6]
2023-11-21T15:45:21.774+02:00 DEBUG 39359 --- [    Test worker] org.hibernate.SQL                        : select o1_0.id,o1_0.description,o1_0.engine,o1_0.image_url,o1_0.mileage,o1_0.model_id,o1_0.price,o1_0.seller_id,o1_0.transmission,o1_0.uuid,o1_0.year from offers o1_0 where o1_0.uuid=?
2023-11-21T15:45:21.775+02:00 TRACE 39359 --- [    Test worker] org.hibernate.orm.jdbc.bind              : binding parameter [1] as [VARCHAR] - [675b9720-2c3f-43f2-b395-4d4ad8f7f0d1]
2023-11-21T15:45:21.776+02:00 DEBUG 39359 --- [    Test worker] org.hibernate.SQL                        : delete from offers where id=?
2023-11-21T15:45:21.776+02:00 TRACE 39359 --- [    Test worker] org.hibernate.orm.jdbc.bind              : binding parameter [1] as [BIGINT] - [4]
2023-11-21T15:45:21.780+02:00 DEBUG 39359 --- [    Test worker] org.hibernate.SQL                        : select e1_0.currency,e1_0.rate from exchange_rates e1_0
2023-11-21T15:45:21.782+02:00 DEBUG 39359 --- [    Test worker] org.hibernate.SQL                        : select o1_0.id,o1_0.description,o1_0.engine,o1_0.image_url,o1_0.mileage,o1_0.model_id,o1_0.price,o1_0.seller_id,o1_0.transmission,o1_0.uuid,o1_0.year from offers o1_0
2023-11-21T15:45:21.785+02:00 DEBUG 39359 --- [    Test worker] org.hibernate.SQL                        : select b1_0.id,b1_0.name from brands b1_0
2023-11-21T15:45:21.788+02:00 DEBUG 39359 --- [    Test worker] org.hibernate.SQL                        : select m1_0.brand_id,m1_0.id,m1_0.category,m1_0.name from models m1_0 where m1_0.brand_id=?
2023-11-21T15:45:21.789+02:00 TRACE 39359 --- [    Test worker] org.hibernate.orm.jdbc.bind              : binding parameter [1] as [BIGINT] - [4]
2023-11-21T15:45:21.790+02:00 DEBUG 39359 --- [    Test worker] org.hibernate.SQL                        : delete from brands where id=?
2023-11-21T15:45:21.790+02:00 TRACE 39359 --- [    Test worker] org.hibernate.orm.jdbc.bind              : binding parameter [1] as [BIGINT] - [4]
2023-11-21T15:45:21.792+02:00 DEBUG 39359 --- [    Test worker] org.hibernate.SQL                        : select u1_0.id,u1_0.active,u1_0.email,u1_0.first_name,u1_0.last_name,u1_0.password from users u1_0
2023-11-21T15:45:21.793+02:00 DEBUG 39359 --- [    Test worker] org.hibernate.SQL                        : select r1_0.user_id,r1_1.id,r1_1.role from users_roles r1_0 join roles r1_1 on r1_1.id=r1_0.role_id where r1_0.user_id=?
2023-11-21T15:45:21.794+02:00 TRACE 39359 --- [    Test worker] org.hibernate.orm.jdbc.bind              : binding parameter [1] as [BIGINT] - [6]
2023-11-21T15:45:21.795+02:00 DEBUG 39359 --- [    Test worker] org.hibernate.SQL                        : select r1_0.user_id,r1_1.id,r1_1.role from users_roles r1_0 join roles r1_1 on r1_1.id=r1_0.role_id where r1_0.user_id=?
2023-11-21T15:45:21.795+02:00 TRACE 39359 --- [    Test worker] org.hibernate.orm.jdbc.bind              : binding parameter [1] as [BIGINT] - [5]
2023-11-21T15:45:21.796+02:00 DEBUG 39359 --- [    Test worker] org.hibernate.SQL                        : delete from users_roles where user_id=?
2023-11-21T15:45:21.797+02:00 TRACE 39359 --- [    Test worker] org.hibernate.orm.jdbc.bind              : binding parameter [1] as [BIGINT] - [5]
2023-11-21T15:45:21.797+02:00 DEBUG 39359 --- [    Test worker] org.hibernate.SQL                        : delete from users_roles where user_id=?
2023-11-21T15:45:21.797+02:00 TRACE 39359 --- [    Test worker] org.hibernate.orm.jdbc.bind              : binding parameter [1] as [BIGINT] - [6]
2023-11-21T15:45:21.797+02:00 DEBUG 39359 --- [    Test worker] org.hibernate.SQL                        : delete from users where id=?
2023-11-21T15:45:21.797+02:00 TRACE 39359 --- [    Test worker] org.hibernate.orm.jdbc.bind              : binding parameter [1] as [BIGINT] - [5]
2023-11-21T15:45:21.798+02:00 DEBUG 39359 --- [    Test worker] org.hibernate.SQL                        : delete from users where id=?
2023-11-21T15:45:21.798+02:00 TRACE 39359 --- [    Test worker] org.hibernate.orm.jdbc.bind              : binding parameter [1] as [BIGINT] - [6]
]]></system-out>
  <system-err><![CDATA[]]></system-err>
</testsuite>
