<?xml version="1.0" encoding="UTF-8"?>
<testsuite name="org.softuni.mobilele.web.UserRegistrationControllerTestIT" tests="1" skipped="0" failures="0" errors="0" timestamp="2023-11-21T13:45:21" hostname="mint" time="5.183">
  <properties/>
  <testcase name="testRegistration()" classname="org.softuni.mobilele.web.UserRegistrationControllerTestIT" time="5.183"/>
  <system-out><![CDATA[2023-11-21T15:45:21.803+02:00  INFO 39359 --- [    Test worker] t.c.s.AnnotationConfigContextLoaderUtils : Could not detect default configuration classes for test class [org.softuni.mobilele.web.UserRegistrationControllerTestIT]: UserRegistrationControllerTestIT does not declare any static, non-private, non-final, nested classes annotated with @Configuration.
2023-11-21T15:45:21.805+02:00  INFO 39359 --- [    Test worker] .b.t.c.SpringBootTestContextBootstrapper : Found @SpringBootConfiguration org.softuni.mobilele.MobileleApplication for test class org.softuni.mobilele.web.UserRegistrationControllerTestIT
2023-11-21T15:45:21.982+02:00 DEBUG 39359 --- [    Test worker] org.hibernate.SQL                        : insert into users (active,email,first_name,last_name,password,id) values (?,?,?,?,?,default)
2023-11-21T15:45:21.983+02:00 TRACE 39359 --- [    Test worker] org.hibernate.orm.jdbc.bind              : binding parameter [1] as [BOOLEAN] - [true]
2023-11-21T15:45:21.983+02:00 TRACE 39359 --- [    Test worker] org.hibernate.orm.jdbc.bind              : binding parameter [2] as [VARCHAR] - [pesho@softuni.bg]
2023-11-21T15:45:21.983+02:00 TRACE 39359 --- [    Test worker] org.hibernate.orm.jdbc.bind              : binding parameter [3] as [VARCHAR] - [Pesho]
2023-11-21T15:45:21.983+02:00 TRACE 39359 --- [    Test worker] org.hibernate.orm.jdbc.bind              : binding parameter [4] as [VARCHAR] - [Petrov]
2023-11-21T15:45:21.983+02:00 TRACE 39359 --- [    Test worker] org.hibernate.orm.jdbc.bind              : binding parameter [5] as [VARCHAR] - [5482e6e6874ab30fd8180a058e942bc79adfe87ef752bdaf403387acd93a32cdc1ae42f8e332453bf4bf121dd7261e25]
]]></system-out>
  <system-err><![CDATA[]]></system-err>
</testsuite>
